<?xml version="1.0" encoding="UTF-8"?>
<!-- Generated by org.testng.reporters.JUnitReportReporter -->
<testsuite hostname="Diptalok_Sahoo" failures="0" tests="1" name="testScript.prcTest" time="5.473" errors="0" timestamp="2024-03-12T09:31:34 IST" skipped="0">
  <testcase classname="testScript.prcTest" name="testAnnotationRun" time="5.473"/>
</testsuite> <!-- testScript.prcTest -->
